1617134515312	geckodriver	INFO	Listening on 127.0.0.1:44835
1617134516315	mozrunner::runner	INFO	Running command: "/usr/bin/firefox" "--marionette" "-foreground" "-no-remote" "-profile" "/tmp/rust_mozprofileRW1yYi"
[GFX1-]: glxtest: libEGL initialize failed
console.warn: SearchSettings: "get: No settings file exists, new profile?" (new Error("", "(unknown module)"))
console.warn: SearchSettings: "get: No settings file exists, new profile?" (new Error("", "(unknown module)"))
1617134518984	Marionette	INFO	Listening on port 39697
1617134519046	Marionette	WARN	TLS certificate errors will be ignored for this session
1617134519062	Marionette	ERROR	[15] No reply from Marionette:Register
1617134528119	Marionette	ERROR	[35] No reply from Marionette:Register
1617134528449	Marionette	ERROR	[37] No reply from Marionette:Register
1617134528872	Marionette	ERROR	[39] No reply from Marionette:Register
1617134529079	Marionette	ERROR	[41] No reply from Marionette:Register
1617134529655	Marionette	ERROR	[43] No reply from Marionette:Register
1617134530023	Marionette	ERROR	[45] No reply from Marionette:Register
1617134530360	Marionette	ERROR	[47] No reply from Marionette:Register
1617134530940	Marionette	ERROR	[49] No reply from Marionette:Register
1617134531268	Marionette	ERROR	[51] No reply from Marionette:Register
1617134531853	Marionette	ERROR	[53] No reply from Marionette:Register
1617134532140	Marionette	ERROR	[55] No reply from Marionette:Register
1617134532435	Marionette	ERROR	[57] No reply from Marionette:Register
1617134532707	Marionette	ERROR	[59] No reply from Marionette:Register
1617134533001	Marionette	ERROR	[61] No reply from Marionette:Register
1617134533303	Marionette	ERROR	[63] No reply from Marionette:Register
1617134533623	Marionette	ERROR	[65] No reply from Marionette:Register
1617134533972	Marionette	ERROR	[67] No reply from Marionette:Register
1617134534308	Marionette	ERROR	[69] No reply from Marionette:Register
1617134534651	Marionette	ERROR	[71] No reply from Marionette:Register
1617134535007	Marionette	ERROR	[73] No reply from Marionette:Register
1617134535353	Marionette	ERROR	[75] No reply from Marionette:Register
1617134535677	Marionette	ERROR	[77] No reply from Marionette:Register
1617134536087	Marionette	ERROR	[79] No reply from Marionette:Register
1617134536378	Marionette	ERROR	[81] No reply from Marionette:Register
1617134537009	Marionette	ERROR	[83] No reply from Marionette:Register
1617134537524	Marionette	ERROR	[85] No reply from Marionette:Register
1617134537989	Marionette	ERROR	[87] No reply from Marionette:Register
1617134799182	geckodriver	INFO	Listening on 127.0.0.1:58275
1617134800186	mozrunner::runner	INFO	Running command: "/usr/bin/firefox" "--marionette" "-foreground" "-no-remote" "-profile" "/tmp/rust_mozprofileWyYr6v"
[GFX1-]: glxtest: libEGL initialize failed
console.warn: SearchSettings: "get: No settings file exists, new profile?" (new Error("", "(unknown module)"))
console.warn: SearchSettings: "get: No settings file exists, new profile?" (new Error("", "(unknown module)"))
1617134803005	Marionette	INFO	Listening on port 35647
1617134803116	Marionette	WARN	TLS certificate errors will be ignored for this session
1617134803133	Marionette	ERROR	[15] No reply from Marionette:Register
1617134810439	Marionette	ERROR	[35] No reply from Marionette:Register
1617134822123	geckodriver	INFO	Listening on 127.0.0.1:48927
1617134823127	mozrunner::runner	INFO	Running command: "/usr/bin/firefox" "--marionette" "-foreground" "-no-remote" "-profile" "/tmp/rust_mozprofileaGQJus"
[GFX1-]: glxtest: libEGL initialize failed
console.warn: SearchSettings: "get: No settings file exists, new profile?" (new Error("", "(unknown module)"))
console.warn: SearchSettings: "get: No settings file exists, new profile?" (new Error("", "(unknown module)"))
1617134825719	Marionette	INFO	Listening on port 45851
1617134825783	Marionette	WARN	TLS certificate errors will be ignored for this session
1617134825809	Marionette	ERROR	[15] No reply from Marionette:Register
1617134834249	Marionette	ERROR	[35] No reply from Marionette:Register
1617134846575	geckodriver	INFO	Listening on 127.0.0.1:59401
1617134847579	mozrunner::runner	INFO	Running command: "/usr/bin/firefox" "--marionette" "-foreground" "-no-remote" "-profile" "/tmp/rust_mozprofileSriBOr"
[GFX1-]: glxtest: libEGL initialize failed
console.warn: SearchSettings: "get: No settings file exists, new profile?" (new Error("", "(unknown module)"))
console.warn: SearchSettings: "get: No settings file exists, new profile?" (new Error("", "(unknown module)"))
1617134850305	Marionette	INFO	Listening on port 42467
1617134850411	Marionette	WARN	TLS certificate errors will be ignored for this session
1617134850432	Marionette	ERROR	[15] No reply from Marionette:Register
1617134857837	Marionette	ERROR	[35] No reply from Marionette:Register
1617134881595	geckodriver	INFO	Listening on 127.0.0.1:37903
1617134882599	mozrunner::runner	INFO	Running command: "/usr/bin/firefox" "--marionette" "-foreground" "-no-remote" "-profile" "/tmp/rust_mozprofilejKlIrR"
[GFX1-]: glxtest: libEGL initialize failed
console.warn: SearchSettings: "get: No settings file exists, new profile?" (new Error("", "(unknown module)"))
console.warn: SearchSettings: "get: No settings file exists, new profile?" (new Error("", "(unknown module)"))
1617134885835	Marionette	INFO	Listening on port 41273
1617134885945	Marionette	WARN	TLS certificate errors will be ignored for this session
1617134885965	Marionette	ERROR	[15] No reply from Marionette:Register
1617134893110	geckodriver	INFO	Listening on 127.0.0.1:60491
1617134894115	mozrunner::runner	INFO	Running command: "/usr/bin/firefox" "--marionette" "-foreground" "-no-remote" "-profile" "/tmp/rust_mozprofileYT5MNv"
[GFX1-]: glxtest: libEGL initialize failed
console.warn: SearchSettings: "get: No settings file exists, new profile?" (new Error("", "(unknown module)"))
1617134900527	Marionette	INFO	Listening on port 42533
1617134900564	Marionette	WARN	TLS certificate errors will be ignored for this session
1617134900591	Marionette	ERROR	[15] No reply from Marionette:Register
console.warn: SearchSettings: "get: No settings file exists, new profile?" (new Error("", "(unknown module)"))
console.log: WebExtensions: reset-default-search: No addons in our list are installed.
1617134907826	geckodriver	INFO	Listening on 127.0.0.1:36809
1617134908830	mozrunner::runner	INFO	Running command: "/usr/bin/firefox" "--marionette" "-foreground" "-no-remote" "-profile" "/tmp/rust_mozprofilegHw4uI"
[GFX1-]: glxtest: libEGL initialize failed
console.warn: SearchSettings: "get: No settings file exists, new profile?" (new Error("", "(unknown module)"))
1617134920586	Marionette	INFO	Listening on port 37223
1617134920688	Marionette	WARN	TLS certificate errors will be ignored for this session
1617134920709	Marionette	ERROR	[15] No reply from Marionette:Register
console.warn: SearchSettings: "get: No settings file exists, new profile?" (new Error("", "(unknown module)"))
1617134928211	geckodriver	INFO	Listening on 127.0.0.1:43789
1617134929219	mozrunner::runner	INFO	Running command: "/usr/bin/firefox" "--marionette" "-foreground" "-no-remote" "-profile" "/tmp/rust_mozprofilewp4c3U"
[GFX1-]: glxtest: libEGL initialize failed
console.warn: SearchSettings: "get: No settings file exists, new profile?" (new Error("", "(unknown module)"))
console.warn: SearchSettings: "get: No settings file exists, new profile?" (new Error("", "(unknown module)"))
1617134935088	Marionette	INFO	Listening on port 44673
1617134935191	Marionette	WARN	TLS certificate errors will be ignored for this session
1617134935221	Marionette	ERROR	[15] No reply from Marionette:Register
1617134942296	geckodriver	INFO	Listening on 127.0.0.1:50647
1617134943300	mozrunner::runner	INFO	Running command: "/usr/bin/firefox" "--marionette" "-foreground" "-no-remote" "-profile" "/tmp/rust_mozprofileBYoJoc"
[GFX1-]: glxtest: libEGL initialize failed
console.warn: SearchSettings: "get: No settings file exists, new profile?" (new Error("", "(unknown module)"))
console.warn: SearchSettings: "get: No settings file exists, new profile?" (new Error("", "(unknown module)"))
1617134947239	Marionette	INFO	Listening on port 41951
1617134947350	Marionette	WARN	TLS certificate errors will be ignored for this session
1617134947375	Marionette	ERROR	[15] No reply from Marionette:Register
1617134955331	geckodriver	INFO	Listening on 127.0.0.1:38403
1617134956334	mozrunner::runner	INFO	Running command: "/usr/bin/firefox" "--marionette" "-foreground" "-no-remote" "-profile" "/tmp/rust_mozprofiley4noG7"
[GFX1-]: glxtest: libEGL initialize failed
console.warn: SearchSettings: "get: No settings file exists, new profile?" (new Error("", "(unknown module)"))
console.warn: SearchSettings: "get: No settings file exists, new profile?" (new Error("", "(unknown module)"))
1617134959534	Marionette	INFO	Listening on port 44271
1617134959578	Marionette	WARN	TLS certificate errors will be ignored for this session
1617134959602	Marionette	ERROR	[15] No reply from Marionette:Register
1617134966682	geckodriver	INFO	Listening on 127.0.0.1:41367
1617134967688	mozrunner::runner	INFO	Running command: "/usr/bin/firefox" "--marionette" "-foreground" "-no-remote" "-profile" "/tmp/rust_mozprofilegILOGX"
[GFX1-]: glxtest: libEGL initialize failed
console.warn: SearchSettings: "get: No settings file exists, new profile?" (new Error("", "(unknown module)"))
console.warn: SearchSettings: "get: No settings file exists, new profile?" (new Error("", "(unknown module)"))
1617134971520	Marionette	INFO	Listening on port 33231
1617134971642	Marionette	WARN	TLS certificate errors will be ignored for this session
1617134971672	Marionette	ERROR	[15] No reply from Marionette:Register
1617134980104	geckodriver	INFO	Listening on 127.0.0.1:38521
1617134981108	mozrunner::runner	INFO	Running command: "/usr/bin/firefox" "--marionette" "-foreground" "-no-remote" "-profile" "/tmp/rust_mozprofilepa94Fb"
[GFX1-]: glxtest: libEGL initialize failed
console.warn: SearchSettings: "get: No settings file exists, new profile?" (new Error("", "(unknown module)"))
console.warn: SearchSettings: "get: No settings file exists, new profile?" (new Error("", "(unknown module)"))
1617134984585	Marionette	INFO	Listening on port 32905
1617134984639	Marionette	WARN	TLS certificate errors will be ignored for this session
1617134984656	Marionette	ERROR	[15] No reply from Marionette:Register
1617134991481	geckodriver	INFO	Listening on 127.0.0.1:45929
1617134992484	mozrunner::runner	INFO	Running command: "/usr/bin/firefox" "--marionette" "-foreground" "-no-remote" "-profile" "/tmp/rust_mozprofile6beQjw"
[GFX1-]: glxtest: libEGL initialize failed
console.warn: SearchSettings: "get: No settings file exists, new profile?" (new Error("", "(unknown module)"))
1617135007730	Marionette	INFO	Listening on port 36935
1617135007827	Marionette	WARN	TLS certificate errors will be ignored for this session
1617135007842	Marionette	ERROR	[15] No reply from Marionette:Register
console.warn: SearchSettings: "get: No settings file exists, new profile?" (new Error("", "(unknown module)"))
1617135015363	Marionette	ERROR	[35] No reply from Marionette:Register
1617135065637	Marionette	INFO	Stopped listening on port 33231
1617135067791	Marionette	INFO	Stopped listening on port 44271
JavaScript error: resource://activity-stream/lib/ASRouter.jsm, line 987: NS_ERROR_ILLEGAL_VALUE: Component returned failure code: 0x80070057 (NS_ERROR_ILLEGAL_VALUE) [nsIObserverService.removeObserver]
JavaScript error: resource://activity-stream/lib/ASRouter.jsm, line 987: NS_ERROR_ILLEGAL_VALUE: Component returned failure code: 0x80070057 (NS_ERROR_ILLEGAL_VALUE) [nsIObserverService.removeObserver]
JavaScript error: resource://activity-stream/lib/ASRouter.jsm, line 987: NS_ERROR_ILLEGAL_VALUE: Component returned failure code: 0x80070057 (NS_ERROR_ILLEGAL_VALUE) [nsIObserverService.removeObserver]
1617135071429	Marionette	INFO	Stopped listening on port 32905
1617135071443	Marionette	INFO	Stopped listening on port 36935
1617135071504	Marionette	INFO	Stopped listening on port 42533
1617135071524	Marionette	INFO	Stopped listening on port 41951
1617135071624	Marionette	INFO	Stopped listening on port 44673
1617135071671	Marionette	INFO	Stopped listening on port 41273
1617135071675	Marionette	INFO	Stopped listening on port 42467
1617135071682	Marionette	INFO	Stopped listening on port 45851
1617135071740	Marionette	INFO	Stopped listening on port 37223
1617135071814	Marionette	INFO	Stopped listening on port 35647
1617135072323	Marionette	INFO	Stopped listening on port 39697
1617135083968	geckodriver	INFO	Listening on 127.0.0.1:52871
1617135084972	mozrunner::runner	INFO	Running command: "/usr/bin/firefox" "--marionette" "-foreground" "-no-remote" "-profile" "/tmp/rust_mozprofilev24b19"
[GFX1-]: glxtest: libEGL initialize failed
